timestamp,evento,vehiculo,carrosDentro,camionesDentro,libresTotal,libresVIP,esperando,desistieron
2026-04-08 22:38:18.052,ENTRADA,CARRO(CARRO-1),1,0,19,5,0,0
2026-04-08 22:38:18.145,ENTRADA,CARRO(CARRO-2),2,0,18,5,0,0
2026-04-08 22:38:18.350,ENTRADA,CARRO(CARRO-3),3,0,17,5,0,0
2026-04-08 22:38:18.461,ENTRADA,CARRO(CARRO-4),4,0,16,5,0,0
2026-04-08 22:38:18.602,ENTRADA,CARRO(CARRO-5),5,0,15,5,0,0
2026-04-08 22:38:18.808,ENTRADA,CARRO(CARRO-6),6,0,14,5,0,0
2026-04-08 22:38:18.901,ENTRADA,CARRO(CARRO-7),7,0,13,5,0,0
2026-04-08 22:38:19.072,ENTRADA,CARRO(CARRO-8),8,0,12,5,0,0
2026-04-08 22:38:19.247,ENTRADA,CARRO(CARRO-9),9,0,11,5,0,0
2026-04-08 22:38:19.471,ENTRADA,CARRO(CARRO-10),10,0,10,5,0,0
2026-04-08 22:38:19.621,ENTRADA,CARRO(CARRO-11),11,0,9,5,0,0
2026-04-08 22:38:19.748,ENTRADA,CARRO(CARRO-12),12,0,8,5,0,0
2026-04-08 22:38:19.951,ENTRADA,CARRO(CARRO-13),13,0,7,5,0,0
2026-04-08 22:38:19.965,SALIDA,CARRO(CARRO-3),12,0,8,5,0,0
2026-04-08 22:38:20.126,SALIDA,CARRO(CARRO-6),11,0,9,5,0,0
2026-04-08 22:38:20.129,ENTRADA,CARRO(CARRO-14),12,0,8,5,0,0
2026-04-08 22:38:20.227,ENTRADA,CARRO(CARRO-15),13,0,7,5,0,0
2026-04-08 22:38:20.372,SALIDA,CARRO(CARRO-5),12,0,8,5,0,0
2026-04-08 22:38:20.457,ENTRADA,CARRO(CARRO-16),13,0,7,5,0,0
2026-04-08 22:38:20.598,SALIDA,CARRO(CARRO-4),12,0,8,5,0,0
2026-04-08 22:38:20.632,ENTRADA,CARRO(CARRO-17),13,0,7,5,0,0
2026-04-08 22:38:20.801,ENTRADA,CARRO(CARRO-18),14,0,6,5,0,0
2026-04-08 22:38:20.945,SALIDA,CARRO(CARRO-8),13,0,7,5,0,0
2026-04-08 22:38:20.982,SALIDA,CARRO(CARRO-13),12,0,8,5,0,0
2026-04-08 22:38:20.984,ENTRADA,CARRO(CARRO-19),13,0,7,5,0,0
2026-04-08 22:38:21.016,SALIDA,CARRO(CARRO-12),12,0,8,5,0,0
2026-04-08 22:38:21.173,ENTRADA,CARRO(CARRO-20),13,0,7,5,0,0
2026-04-08 22:38:21.343,ENTRADA,CARRO(CARRO-21),14,0,6,5,0,0
2026-04-08 22:38:21.352,SALIDA,CARRO(CARRO-1),13,0,7,5,0,0
2026-04-08 22:38:21.563,ENTRADA,CARRO(CARRO-22),14,0,6,5,0,0
2026-04-08 22:38:21.595,SALIDA,CARRO(CARRO-2),13,0,7,5,0,0
2026-04-08 22:38:21.767,ENTRADA,CARRO(CARRO-23),14,0,6,5,0,0
2026-04-08 22:38:21.780,SALIDA,CARRO(CARRO-7),13,0,7,5,0,0
2026-04-08 22:38:21.910,SALIDA,CARRO(CARRO-11),12,0,8,5,0,0
2026-04-08 22:38:21.931,ENTRADA,CARRO(CARRO-24),13,0,7,5,0,0
2026-04-08 22:38:22.074,ENTRADA,CARRO(CARRO-25),14,0,6,5,0,0
2026-04-08 22:38:22.201,ENTRADA,CARRO(CARRO-26),15,0,5,5,0,0
2026-04-08 22:38:22.560,SALIDA,CARRO(CARRO-14),14,0,6,5,2,0
2026-04-08 22:38:22.560,ENTRADA,CARRO(CARRO-27),15,0,5,5,1,0
2026-04-08 22:38:23.052,SALIDA,CARRO(CARRO-9),14,0,6,5,3,0
2026-04-08 22:38:23.052,ENTRADA,CARRO(CARRO-28),15,0,5,5,2,0
2026-04-08 22:38:23.158,SALIDA,CARRO(CARRO-15),14,0,6,5,3,0
2026-04-08 22:38:23.158,ENTRADA,CARRO(CARRO-29),15,0,5,5,2,0
2026-04-08 22:38:23.571,SALIDA,CARRO(CARRO-23),14,0,6,5,4,0
2026-04-08 22:38:23.571,ENTRADA,CARRO(CARRO-30),15,0,5,5,3,0
2026-04-08 22:38:23.612,ENTRADA,CARRO(CARRO-31),15,0,5,5,3,0
2026-04-08 22:38:23.612,SALIDA,CARRO(CARRO-10),14,0,6,5,4,0
2026-04-08 22:38:23.703,ENTRADA,CARRO(CARRO-32),15,0,5,5,2,0
2026-04-08 22:38:23.703,SALIDA,CARRO(CARRO-21),14,0,6,5,3,0
2026-04-08 22:38:23.909,SALIDA,CARRO(CARRO-17),14,0,6,5,4,0
2026-04-08 22:38:23.909,ENTRADA,CARRO(CARRO-33),15,0,5,5,3,0
2026-04-08 22:38:24.077,SALIDA,CARRO(CARRO-19),14,0,6,5,4,0
2026-04-08 22:38:24.077,ENTRADA,CARRO(CARRO-34),15,0,5,5,3,0
2026-04-08 22:38:24.303,SALIDA,CARRO(CARRO-22),14,0,6,5,5,0
2026-04-08 22:38:24.303,ENTRADA,CARRO(CARRO-35),15,0,5,5,4,0
2026-04-08 22:38:24.564,SALIDA,CARRO(CARRO-18),14,0,6,5,6,0
2026-04-08 22:38:24.564,ENTRADA,CARRO(CARRO-36),15,0,5,5,5,0
2026-04-08 22:38:24.603,SALIDA,CARRO(CARRO-26),14,0,6,5,6,0
2026-04-08 22:38:24.603,ENTRADA,CARRO(CARRO-37),15,0,5,5,5,0
2026-04-08 22:38:24.610,ENTRADA,CARRO(CARRO-38),15,0,5,5,4,0
2026-04-08 22:38:24.610,SALIDA,CARRO(CARRO-20),14,0,6,5,5,0
2026-04-08 22:38:24.701,SALIDA,CARRO(CARRO-28),14,0,6,5,4,0
2026-04-08 22:38:24.701,ENTRADA,CARRO(CARRO-39),15,0,5,5,3,0
2026-04-08 22:38:24.751,SALIDA,CARRO(CARRO-25),14,0,6,5,4,0
2026-04-08 22:38:24.751,ENTRADA,CARRO(CARRO-40),15,0,5,5,3,0
2026-04-08 22:38:24.963,ENTRADA,CARRO(CARRO-41),15,0,5,5,3,0
2026-04-08 22:38:24.963,SALIDA,CARRO(CARRO-16),14,0,6,5,4,0
2026-04-08 22:38:25.283,SALIDA,CARRO(CARRO-29),14,0,6,5,5,0
2026-04-08 22:38:25.283,ENTRADA,CARRO(CARRO-42),15,0,5,5,4,0
2026-04-08 22:38:25.618,ENTRADA,CARRO(CARRO-43),15,0,5,5,5,0
2026-04-08 22:38:25.618,SALIDA,CARRO(CARRO-27),14,0,6,5,6,0
2026-04-08 22:38:25.774,SALIDA,CARRO(CARRO-33),14,0,6,5,7,0
2026-04-08 22:38:25.774,ENTRADA,CARRO(CARRO-44),15,0,5,5,6,0
2026-04-08 22:38:26.294,ENTRADA,CARRO(CARRO-45),15,0,5,5,8,0
2026-04-08 22:38:26.294,SALIDA,CARRO(CARRO-24),14,0,6,5,9,0
2026-04-08 22:38:26.355,SALIDA,CARRO(CARRO-36),14,0,6,5,9,0
2026-04-08 22:38:26.356,ENTRADA,CARRO(CARRO-46),15,0,5,5,8,0
2026-04-08 22:38:26.404,SALIDA,CARRO(CARRO-39),14,0,6,5,8,0
2026-04-08 22:38:26.404,ENTRADA,CARRO(CARRO-47),15,0,5,5,7,0
2026-04-08 22:38:26.703,SALIDA,CARRO(CARRO-37),14,0,6,5,9,0
2026-04-08 22:38:26.703,ENTRADA,CARRO(CARRO-48),15,0,5,5,8,0
2026-04-08 22:38:26.871,SALIDA,CARRO(CARRO-35),14,0,6,5,9,0
2026-04-08 22:38:26.871,ENTRADA,CARRO(CARRO-49),15,0,5,5,8,0
2026-04-08 22:38:26.963,SALIDA,CARRO(CARRO-30),14,0,6,5,8,0
2026-04-08 22:38:26.963,ENTRADA,CARRO(CARRO-50),15,0,5,5,7,0
2026-04-08 22:38:27.315,SALIDA,CARRO(CARRO-32),14,0,6,5,9,0
2026-04-08 22:38:27.496,SALIDA,CARRO(CARRO-40),13,0,7,5,10,0
2026-04-08 22:38:27.496,ENTRADA,CAMION(CAMION-1),13,1,5,5,9,0
2026-04-08 22:38:27.735,SALIDA,CARRO(CARRO-46),12,1,6,5,9,0
2026-04-08 22:38:27.850,SALIDA,CARRO(CARRO-45),11,1,7,5,9,0
2026-04-08 22:38:27.851,ENTRADA,CAMION(CAMION-2),11,2,5,5,8,0
2026-04-08 22:38:28.078,SALIDA,CARRO(CARRO-42),10,2,6,5,8,0
2026-04-08 22:38:28.197,SALIDA,CARRO(CARRO-31),9,2,7,5,8,0
2026-04-08 22:38:28.197,ENTRADA,CAMION(CAMION-3),9,3,5,5,7,0
2026-04-08 22:38:28.451,SALIDA,CARRO(CARRO-44),8,3,6,5,7,0
2026-04-08 22:38:28.878,SALIDA,CARRO(CARRO-38),7,3,7,5,7,0
2026-04-08 22:38:28.964,SALIDA,CAMION(CAMION-1),7,2,9,5,7,0
2026-04-08 22:38:28.964,ENTRADA,CAMION(CAMION-4),7,3,7,5,6,0
2026-04-08 22:38:28.972,SALIDA,CARRO(CARRO-48),6,3,8,5,6,0
2026-04-08 22:38:28.989,SALIDA,CARRO(CARRO-47),5,3,9,5,6,0
2026-04-08 22:38:29.075,SALIDA,CARRO(CARRO-34),4,3,10,5,6,0
2026-04-08 22:38:29.766,SALIDA,CARRO(CARRO-41),3,3,11,5,4,2
2026-04-08 22:38:30.222,SALIDA,CARRO(CARRO-43),2,3,12,5,4,2
2026-04-08 22:38:30.505,SALIDA,CAMION(CAMION-3),2,2,14,5,4,2
2026-04-08 22:38:30.505,ENTRADA,CAMION(CAMION-6),2,3,12,5,3,2
2026-04-08 22:38:30.863,SALIDA,CARRO(CARRO-49),1,3,13,5,3,2
2026-04-08 22:38:30.965,SALIDA,CAMION(CAMION-4),1,2,15,5,3,2
2026-04-08 22:38:30.965,ENTRADA,CAMION(CAMION-8),1,3,13,5,2,2
2026-04-08 22:38:31.003,SALIDA,CARRO(CARRO-50),0,3,14,5,2,2
2026-04-08 22:38:32.135,ENTRADA,CAMION(CAMION-9),0,3,14,5,0,3
2026-04-08 22:38:32.134,SALIDA,CAMION(CAMION-8),0,2,16,5,1,3
2026-04-08 22:38:32.356,SALIDA,CAMION(CAMION-2),0,2,16,5,0,3
2026-04-08 22:38:32.984,SALIDA,CAMION(CAMION-6),0,1,18,5,0,3
2026-04-08 22:38:33.922,SALIDA,CAMION(CAMION-9),0,0,20,5,0,3
